2024-09-28 16:02:27,871 - INFO - Initializing Vertex AI models...
2024-09-28 16:02:32,924 - INFO - Models initialized successfully.
2024-09-28 16:02:32,925 - INFO - Starting course generation process...
2024-09-28 16:02:32,925 - INFO - Generating content using CreationSysRole...
2024-09-28 16:02:32,925 - INFO - Prompt created successfully.
2024-09-28 16:02:32,925 - INFO - Generating course content using text model...
2024-09-28 16:04:24,184 - ERROR - Error generating course content: Cannot get the response text.
Cannot get the Candidate text.
Response candidate content has no parts (and thus no text). The candidate is likely blocked by the safety filters.
Content:
{}
Candidate:
{
  "finish_reason": "RECITATION",
  "safety_ratings": [
    {
      "category": "HARM_CATEGORY_HATE_SPEECH",
      "probability": "NEGLIGIBLE",
      "probability_score": 0.12988281,
      "severity": "HARM_SEVERITY_NEGLIGIBLE",
      "severity_score": 0.08154297
    },
    {
      "category": "HARM_CATEGORY_DANGEROUS_CONTENT",
      "probability": "NEGLIGIBLE",
      "probability_score": 0.14648438,
      "severity": "HARM_SEVERITY_NEGLIGIBLE",
      "severity_score": 0.15136719
    },
    {
      "category": "HARM_CATEGORY_HARASSMENT",
      "probability": "NEGLIGIBLE",
      "probability_score": 0.15332031,
      "severity": "HARM_SEVERITY_NEGLIGIBLE",
      "severity_score": 0.10498047
    },
    {
      "category": "HARM_CATEGORY_SEXUALLY_EXPLICIT",
      "probability": "NEGLIGIBLE",
      "probability_score": 0.15625,
      "severity": "HARM_SEVERITY_LOW",
      "severity_score": 0.21582031
    }
  ],
  "citation_metadata": {
    "citations": [
      {
        "start_index": 981,
        "end_index": 1131,
        "uri": "https://github.com/shadowaxe99/ai-agnent-walk"
      },
      {
        "start_index": 1037,
        "end_index": 1196,
        "uri": "http://blog.dialogic.com/blog"
      },
      {
        "start_index": 1199,
        "end_index": 1352
      },
      {
        "start_index": 1825,
        "end_index": 1968,
        "uri": "https://github.com/nehadhanii/mywebsite"
      },
      {
        "start_index": 2142,
        "end_index": 2274,
        "uri": "https://domino.ai/blog/summary-using-k-nn-production"
      },
      {
        "start_index": 2734,
        "end_index": 2869,
        "uri": "https://domino.ai/data-science-dictionary/machine-learning-algorithms"
      },
      {
        "start_index": 3477,
        "end_index": 3602,
        "uri": "https://github.com/KUHELI08/knn-1"
      },
      {
        "start_index": 13953,
        "end_index": 14080,
        "uri": "https://github.com/MohammedSameer1989/Python-Assignment-Data-Science"
      },
      {
        "start_index": 14235,
        "end_index": 14379
      },
      {
        "start_index": 14366,
        "end_index": 14489,
        "uri": "https://github.com/sanskarmodi8/Data-Science-Masters-2.0-course"
      },
      {
        "start_index": 14483,
        "end_index": 14629,
        "uri": "https://stackify.dev/789208-random-forest-classifier-valueerror-input-contains-nan-infinity-or-a-value-too"
      },
      {
        "start_index": 14649,
        "end_index": 14848
      },
      {
        "start_index": 14849,
        "end_index": 14986,
        "uri": "https://github.com/MaheshG10/Heart_disease"
      },
      {
        "start_index": 15009,
        "end_index": 15173,
        "uri": "https://github.com/Presrjur/is428final"
      },
      {
        "start_index": 15116,
        "end_index": 15269,
        "uri": "https://github.com/Adityakrpand/ML-Projects"
      },
      {
        "start_index": 21543,
        "end_index": 21684,
        "uri": "https://techinsightguru.com/the-power-of-data-analysis-unveiling-insigt/"
      }
    ]
  },
  "avg_logprobs": "NaN"
}
Response:
{
  "candidates": [
    {
      "finish_reason": "RECITATION",
      "safety_ratings": [
        {
          "category": "HARM_CATEGORY_HATE_SPEECH",
          "probability": "NEGLIGIBLE",
          "probability_score": 0.12988281,
          "severity": "HARM_SEVERITY_NEGLIGIBLE",
          "severity_score": 0.08154297
        },
        {
          "category": "HARM_CATEGORY_DANGEROUS_CONTENT",
          "probability": "NEGLIGIBLE",
          "probability_score": 0.14648438,
          "severity": "HARM_SEVERITY_NEGLIGIBLE",
          "severity_score": 0.15136719
        },
        {
          "category": "HARM_CATEGORY_HARASSMENT",
          "probability": "NEGLIGIBLE",
          "probability_score": 0.15332031,
          "severity": "HARM_SEVERITY_NEGLIGIBLE",
          "severity_score": 0.10498047
        },
        {
          "category": "HARM_CATEGORY_SEXUALLY_EXPLICIT",
          "probability": "NEGLIGIBLE",
          "probability_score": 0.15625,
          "severity": "HARM_SEVERITY_LOW",
          "severity_score": 0.21582031
        }
      ],
      "citation_metadata": {
        "citations": [
          {
            "start_index": 981,
            "end_index": 1131,
            "uri": "https://github.com/shadowaxe99/ai-agnent-walk"
          },
          {
            "start_index": 1037,
            "end_index": 1196,
            "uri": "http://blog.dialogic.com/blog"
          },
          {
            "start_index": 1199,
            "end_index": 1352
          },
          {
            "start_index": 1825,
            "end_index": 1968,
            "uri": "https://github.com/nehadhanii/mywebsite"
          },
          {
            "start_index": 2142,
            "end_index": 2274,
            "uri": "https://domino.ai/blog/summary-using-k-nn-production"
          },
          {
            "start_index": 2734,
            "end_index": 2869,
            "uri": "https://domino.ai/data-science-dictionary/machine-learning-algorithms"
          },
          {
            "start_index": 3477,
            "end_index": 3602,
            "uri": "https://github.com/KUHELI08/knn-1"
          },
          {
            "start_index": 13953,
            "end_index": 14080,
            "uri": "https://github.com/MohammedSameer1989/Python-Assignment-Data-Science"
          },
          {
            "start_index": 14235,
            "end_index": 14379
          },
          {
            "start_index": 14366,
            "end_index": 14489,
            "uri": "https://github.com/sanskarmodi8/Data-Science-Masters-2.0-course"
          },
          {
            "start_index": 14483,
            "end_index": 14629,
            "uri": "https://stackify.dev/789208-random-forest-classifier-valueerror-input-contains-nan-infinity-or-a-value-too"
          },
          {
            "start_index": 14649,
            "end_index": 14848
          },
          {
            "start_index": 14849,
            "end_index": 14986,
            "uri": "https://github.com/MaheshG10/Heart_disease"
          },
          {
            "start_index": 15009,
            "end_index": 15173,
            "uri": "https://github.com/Presrjur/is428final"
          },
          {
            "start_index": 15116,
            "end_index": 15269,
            "uri": "https://github.com/Adityakrpand/ML-Projects"
          },
          {
            "start_index": 21543,
            "end_index": 21684,
            "uri": "https://techinsightguru.com/the-power-of-data-analysis-unveiling-insigt/"
          }
        ]
      },
      "avg_logprobs": "NaN"
    }
  ],
  "usage_metadata": {
    "prompt_token_count": 1216,
    "total_token_count": 1216
  }
}
2024-09-28 16:07:20,736 - INFO - Initializing Vertex AI models...
2024-09-28 16:07:25,291 - INFO - Models initialized successfully.
2024-09-28 16:07:25,291 - INFO - Starting course generation process...
2024-09-28 16:07:25,291 - INFO - Generating content using CreationSysRole...
2024-09-28 16:07:25,291 - INFO - Prompt created successfully.
2024-09-28 16:07:25,291 - INFO - Generating course content using text model...
2024-09-28 16:08:00,520 - INFO - Course content generated successfully.
2024-09-28 16:08:00,520 - INFO - Refreshing temp folder at models\main_course_generator\temp...
2024-09-28 16:08:00,521 - INFO - Splitting result into sections based on diagram markers...
2024-09-28 16:08:00,521 - INFO - Generating image for prompt: '**Description:** A basic neural network with an input layer, a hidden layer, and an output layer. Each neuron is connected to all neurons in the next layer.
**Prompt:**  A simple feedforward neural network with three layers: input, hidden, and output. Show the interconnected neurons and label each layer.'...
2024-09-28 16:08:13,971 - INFO - Image saved to models\main_course_generator\temp\image_0.png successfully.
2024-09-28 16:08:13,971 - INFO - Generating image for prompt: '**Description:** A simple RNN cell with an input (Xt), a hidden state (ht), and an output (Ot). The cell has connections for the current input and the previous hidden state, highlighting the flow of information. 
**Prompt:** An illustration of a single RNN cell with labeled inputs, hidden state, output, and connections depicting the flow of information over time.'...
2024-09-28 16:08:25,919 - INFO - Image saved to models\main_course_generator\temp\image_1.png successfully.
2024-09-28 16:08:25,919 - INFO - Generating image for prompt: '**Description:**  Different types of RNN architectures: One-to-One, One-to-Many, Many-to-One, and Many-to-Many. Each architecture is visually represented with labeled inputs and outputs, demonstrating the flow of information.
**Prompt:** A visual representation of four different RNN architectures: One-to-One, One-to-Many, Many-to-One, and Many-to-Many. Clearly label the input and output sequences for each type.'...
2024-09-28 16:08:39,845 - INFO - Image saved to models\main_course_generator\temp\image_2.png successfully.
2024-09-28 16:08:39,845 - INFO - Assembling final markdown output...
2024-09-28 16:08:39,845 - INFO - Generated Image Attributes: ['__annotations__', '__class__', '__delattr__', '__dict__', '__dir__', '__doc__', '__eq__', '__format__', '__ge__', '__getattribute__', '__getstate__', '__gt__', '__hash__', '__init__', '__init_subclass__', '__le__', '__lt__', '__module__', '__ne__', '__new__', '__reduce__', '__reduce_ex__', '__repr__', '__setattr__', '__sizeof__', '__str__', '__subclasshook__', '__weakref__', '_as_base64_string', '_blob', '_gcs_uri', '_generation_parameters', '_image_bytes', '_loaded_bytes', '_loaded_image', '_mime_type', '_pil_image', '_size', 'generation_parameters', 'load_from_file', 'save', 'show']
2024-09-28 16:08:39,845 - INFO - Generated Image Attributes: ['__annotations__', '__class__', '__delattr__', '__dict__', '__dir__', '__doc__', '__eq__', '__format__', '__ge__', '__getattribute__', '__getstate__', '__gt__', '__hash__', '__init__', '__init_subclass__', '__le__', '__lt__', '__module__', '__ne__', '__new__', '__reduce__', '__reduce_ex__', '__repr__', '__setattr__', '__sizeof__', '__str__', '__subclasshook__', '__weakref__', '_as_base64_string', '_blob', '_gcs_uri', '_generation_parameters', '_image_bytes', '_loaded_bytes', '_loaded_image', '_mime_type', '_pil_image', '_size', 'generation_parameters', 'load_from_file', 'save', 'show']
2024-09-28 16:08:39,845 - INFO - Generated Image Attributes: ['__annotations__', '__class__', '__delattr__', '__dict__', '__dir__', '__doc__', '__eq__', '__format__', '__ge__', '__getattribute__', '__getstate__', '__gt__', '__hash__', '__init__', '__init_subclass__', '__le__', '__lt__', '__module__', '__ne__', '__new__', '__reduce__', '__reduce_ex__', '__repr__', '__setattr__', '__sizeof__', '__str__', '__subclasshook__', '__weakref__', '_as_base64_string', '_blob', '_gcs_uri', '_generation_parameters', '_image_bytes', '_loaded_bytes', '_loaded_image', '_mime_type', '_pil_image', '_size', 'generation_parameters', 'load_from_file', 'save', 'show']
2024-09-28 16:08:39,845 - INFO - Markdown output assembled successfully.
2024-09-28 16:08:39,845 - INFO - Converting markdown to HTML and JSON...
2024-09-28 16:08:39,861 - INFO - Conversion to JSON successful.
2024-09-28 16:08:39,861 - INFO - Saving final markdown output to models/main_course_generator/temp.md...
2024-09-28 16:08:39,861 - INFO - Markdown output saved successfully.
2024-09-28 16:29:22,401 - INFO - Initializing Vertex AI models...
2024-09-28 16:29:27,215 - INFO - Models initialized successfully.
2024-09-28 16:29:27,215 - INFO - Starting course generation process...
2024-09-28 16:29:27,215 - INFO - Generating content using CreationSysRole...
2024-09-28 16:29:27,215 - INFO - Prompt created successfully.
2024-09-28 16:29:27,215 - INFO - Generating course content using text model...
2024-09-28 16:29:59,548 - INFO - Initializing Vertex AI models...
2024-09-28 16:30:04,190 - INFO - Models initialized successfully.
2024-09-28 16:30:04,190 - INFO - Starting course generation process...
2024-09-28 16:30:04,190 - INFO - Generating content using CreationSysRole...
2024-09-28 16:30:04,190 - INFO - Prompt created successfully.
2024-09-28 16:30:04,190 - INFO - Generating course content using text model...
2024-09-28 16:30:24,268 - INFO - Course content generated successfully.
2024-09-28 16:30:24,268 - INFO - Refreshing temp folder at models\main_course_generator\temp...
2024-09-28 16:30:24,269 - INFO - Splitting result into sections based on diagram markers...
2024-09-28 16:30:24,269 - INFO - Generating image for prompt: '**Description:** This diagram illustrates an unrolled RNN architecture. Each circle represents an RNN cell, and the unrolled structure demonstrates how the network processes a sequence of inputs over time. The input at each time step is fed into the corresponding RNN cell, along with the hidden state from the previous time step. This hidden state acts as the "memory" of the network, carrying information about the preceding inputs. The output at each time step is influenced by both the current input and the network's memory of previous inputs.

**Prompt:** A diagram depicting an unrolled Recurrent Neural Network (RNN). Show a sequence of inputs (x1, x2, x3, x4) being fed into corresponding RNN cells. Each cell should have an input arrow, an output arrow (h1, h2, h3, h4), and a looping arrow representing the hidden state. Label the input, hidden state, and output clearly.'...
2024-09-28 16:30:38,416 - INFO - Image saved to models\main_course_generator\temp\image_0.png successfully.
2024-09-28 16:30:38,416 - INFO - Generating image for prompt: '**Description:** This diagram shows the internal structure of a single RNN cell. It highlights how the input, hidden state, and output interact within the cell. 

**Prompt:** Draw a diagram representing the internal structure of a basic RNN cell. Show the input (x_t), previous hidden state (h_t-1), and current hidden state (h_t) merging into a function 'f'. This function represents the activation function within the cell. The output of this function (h_t) should be split, with one branch going to the next time step as the new hidden state and the other branch going through an output function 'g' to generate the final output (y_t).'...
2024-09-28 16:30:38,567 - INFO - Course content generated successfully.
2024-09-28 16:30:38,567 - INFO - Refreshing temp folder at models\main_course_generator\temp...
2024-09-28 16:30:38,567 - INFO - Splitting result into sections based on diagram markers...
2024-09-28 16:30:38,567 - INFO - Generating image for prompt: '**Description:** The diagram illustrates the basic structure of an RNN. It shows a chain of repeating modules, each with an input (xt), an output (ht), and a hidden state (st) that carries information from previous steps.

**Prompt:** Generate a diagram illustrating the basic structure of a Recurrent Neural Network (RNN). The diagram should include:

* A chain of repeating modules
* Each module should have an input labeled "xt"
* Each module should have an output labeled "ht"
* Each module should have a hidden state labeled "st"
* An arrow indicating the flow of information from one module to the next'...
2024-09-28 16:30:51,097 - INFO - Image saved to models\main_course_generator\temp\image_1.png successfully.
2024-09-28 16:30:51,097 - INFO - Generating image for prompt: '**Description:** This diagram illustrates the detailed internal structure of an LSTM cell, showcasing its input gate, forget gate, output gate, and cell state.

**Prompt:** Create a diagram of a Long Short-Term Memory (LSTM) cell. Include these elements: 
* Three sigmoid gates (input, forget, output) with corresponding inputs (previous hidden state and current input).
* A tanh layer for candidate cell state calculation.
* Cell state (C) with input and output connections to the gates.
* Output calculation using the output gate and the cell state.'...
2024-09-28 16:30:52,107 - INFO - Image saved to models\main_course_generator\temp\image_0.png successfully.
2024-09-28 16:30:52,107 - INFO - Generating image for prompt: '**Description:** This diagram shows a comparative illustration of different RNN architectures. It should depict the internal structures of a Vanilla RNN, an LSTM cell, and a GRU cell, highlighting their key differences.

**Prompt:** Generate a diagram comparing the structures of:

* A Vanilla RNN module
* An LSTM cell
* A GRU cell

The diagram should clearly label the input, output, hidden state, and any gates within each architecture.'...
2024-09-28 16:31:04,519 - INFO - Image saved to models\main_course_generator\temp\image_2.png successfully.
2024-09-28 16:31:04,520 - INFO - Generating image for prompt: '**Description:** This diagram shows the internal structure of a GRU cell, illustrating its update gate and reset gate.

**Prompt:** Design a diagram representing a Gated Recurrent Unit (GRU) cell. Include: 
* Two sigmoid gates (update and reset) with corresponding inputs (previous hidden state and current input).
* A tanh layer for candidate hidden state calculation.
* Hidden state (h) with connections to the gates.
* Calculation of the final hidden state using the update gate and the candidate hidden state.'...
2024-09-28 16:31:05,168 - INFO - Image saved to models\main_course_generator\temp\image_1.png successfully.
2024-09-28 16:31:05,168 - INFO - Assembling final markdown output...
2024-09-28 16:31:05,168 - INFO - Generated Image Attributes: ['__annotations__', '__class__', '__delattr__', '__dict__', '__dir__', '__doc__', '__eq__', '__format__', '__ge__', '__getattribute__', '__getstate__', '__gt__', '__hash__', '__init__', '__init_subclass__', '__le__', '__lt__', '__module__', '__ne__', '__new__', '__reduce__', '__reduce_ex__', '__repr__', '__setattr__', '__sizeof__', '__str__', '__subclasshook__', '__weakref__', '_as_base64_string', '_blob', '_gcs_uri', '_generation_parameters', '_image_bytes', '_loaded_bytes', '_loaded_image', '_mime_type', '_pil_image', '_size', 'generation_parameters', 'load_from_file', 'save', 'show']
2024-09-28 16:31:05,168 - INFO - Generated Image Attributes: ['__annotations__', '__class__', '__delattr__', '__dict__', '__dir__', '__doc__', '__eq__', '__format__', '__ge__', '__getattribute__', '__getstate__', '__gt__', '__hash__', '__init__', '__init_subclass__', '__le__', '__lt__', '__module__', '__ne__', '__new__', '__reduce__', '__reduce_ex__', '__repr__', '__setattr__', '__sizeof__', '__str__', '__subclasshook__', '__weakref__', '_as_base64_string', '_blob', '_gcs_uri', '_generation_parameters', '_image_bytes', '_loaded_bytes', '_loaded_image', '_mime_type', '_pil_image', '_size', 'generation_parameters', 'load_from_file', 'save', 'show']
2024-09-28 16:31:05,169 - INFO - Markdown output assembled successfully.
2024-09-28 16:31:05,169 - INFO - Converting markdown to HTML and JSON...
2024-09-28 16:31:05,184 - INFO - Conversion to JSON successful.
2024-09-28 16:31:05,184 - INFO - Saving final markdown output to models/main_course_generator/temp.md...
2024-09-28 16:31:05,185 - INFO - Markdown output saved successfully.
2024-09-28 16:31:17,647 - INFO - Image saved to models\main_course_generator\temp\image_3.png successfully.
2024-09-28 16:31:17,647 - INFO - Assembling final markdown output...
2024-09-28 16:31:17,647 - INFO - Generated Image Attributes: ['__annotations__', '__class__', '__delattr__', '__dict__', '__dir__', '__doc__', '__eq__', '__format__', '__ge__', '__getattribute__', '__getstate__', '__gt__', '__hash__', '__init__', '__init_subclass__', '__le__', '__lt__', '__module__', '__ne__', '__new__', '__reduce__', '__reduce_ex__', '__repr__', '__setattr__', '__sizeof__', '__str__', '__subclasshook__', '__weakref__', '_as_base64_string', '_blob', '_gcs_uri', '_generation_parameters', '_image_bytes', '_loaded_bytes', '_loaded_image', '_mime_type', '_pil_image', '_size', 'generation_parameters', 'load_from_file', 'save', 'show']
2024-09-28 16:31:17,647 - INFO - Generated Image Attributes: ['__annotations__', '__class__', '__delattr__', '__dict__', '__dir__', '__doc__', '__eq__', '__format__', '__ge__', '__getattribute__', '__getstate__', '__gt__', '__hash__', '__init__', '__init_subclass__', '__le__', '__lt__', '__module__', '__ne__', '__new__', '__reduce__', '__reduce_ex__', '__repr__', '__setattr__', '__sizeof__', '__str__', '__subclasshook__', '__weakref__', '_as_base64_string', '_blob', '_gcs_uri', '_generation_parameters', '_image_bytes', '_loaded_bytes', '_loaded_image', '_mime_type', '_pil_image', '_size', 'generation_parameters', 'load_from_file', 'save', 'show']
2024-09-28 16:31:17,647 - INFO - Generated Image Attributes: ['__annotations__', '__class__', '__delattr__', '__dict__', '__dir__', '__doc__', '__eq__', '__format__', '__ge__', '__getattribute__', '__getstate__', '__gt__', '__hash__', '__init__', '__init_subclass__', '__le__', '__lt__', '__module__', '__ne__', '__new__', '__reduce__', '__reduce_ex__', '__repr__', '__setattr__', '__sizeof__', '__str__', '__subclasshook__', '__weakref__', '_as_base64_string', '_blob', '_gcs_uri', '_generation_parameters', '_image_bytes', '_loaded_bytes', '_loaded_image', '_mime_type', '_pil_image', '_size', 'generation_parameters', 'load_from_file', 'save', 'show']
2024-09-28 16:31:17,648 - INFO - Generated Image Attributes: ['__annotations__', '__class__', '__delattr__', '__dict__', '__dir__', '__doc__', '__eq__', '__format__', '__ge__', '__getattribute__', '__getstate__', '__gt__', '__hash__', '__init__', '__init_subclass__', '__le__', '__lt__', '__module__', '__ne__', '__new__', '__reduce__', '__reduce_ex__', '__repr__', '__setattr__', '__sizeof__', '__str__', '__subclasshook__', '__weakref__', '_as_base64_string', '_blob', '_gcs_uri', '_generation_parameters', '_image_bytes', '_loaded_bytes', '_loaded_image', '_mime_type', '_pil_image', '_size', 'generation_parameters', 'load_from_file', 'save', 'show']
2024-09-28 16:31:17,648 - INFO - Markdown output assembled successfully.
2024-09-28 16:31:17,648 - INFO - Converting markdown to HTML and JSON...
2024-09-28 16:31:17,665 - INFO - Conversion to JSON successful.
2024-09-28 16:31:17,665 - INFO - Saving final markdown output to models/main_course_generator/temp.md...
2024-09-28 16:31:17,665 - INFO - Markdown output saved successfully.
2024-09-28 16:32:29,634 - INFO - Initializing Vertex AI models...
2024-09-28 16:32:34,183 - INFO - Models initialized successfully.
2024-09-28 16:39:42,899 - INFO - Initializing Vertex AI models...
2024-09-28 16:39:47,710 - INFO - Models initialized successfully.
2024-09-28 16:39:47,710 - INFO - Starting course generation process...
2024-09-28 16:39:47,710 - INFO - Generating content using CreationSysRole...
2024-09-28 16:39:47,710 - INFO - Prompt created successfully.
2024-09-28 16:39:47,710 - INFO - Generating course content using text model...
2024-09-28 16:42:18,818 - INFO - Course content generated successfully.
2024-09-28 16:42:18,818 - INFO - Refreshing temp folder at models\main_course_generator\temp...
2024-09-28 16:42:18,819 - INFO - Splitting result into sections based on diagram markers...
2024-09-28 16:42:18,819 - INFO - Generating image for prompt: '* **Description:** A diagram illustrating a digital image represented as a grid of pixels, with each pixel having a numerical value for its color or intensity.
    * **Prompt:** Create a simple diagram showing a 5x5 grid representing a digital image. Each square (pixel) in the grid should contain a number between 0 and 255, representing its grayscale intensity. 
*'...
2024-09-28 16:42:32,031 - INFO - Image saved to models\main_course_generator\temp\image_0.png successfully.
2024-09-28 16:42:32,031 - INFO - Generating image for prompt: '* **Description:** A basic diagram illustrating a simple neural network with an input layer, a hidden layer, and an output layer. Show the interconnected neurons and the weighted connections between them.
    * **Prompt:** Draw a simple neural network diagram with three layers: an input layer with two neurons, a hidden layer with three neurons, and an output layer with one neuron. Label the layers and show the connections between neurons with arrows representing the weights. 
*'...
2024-09-28 16:42:45,613 - INFO - Image saved to models\main_course_generator\temp\image_1.png successfully.
2024-09-28 16:42:45,613 - INFO - Generating image for prompt: '* **Description:** A diagram illustrating the structure of a single neuron with its inputs, weights, bias, summation function, activation function, and output.
    * **Prompt:**  Draw a diagram of a single artificial neuron. Show the inputs (x1, x2, x3), each with a corresponding weight (w1, w2, w3). Include a bias term (b) and clearly label the summation junction, activation function, and the output (y).
*'...
2024-09-28 16:42:58,661 - INFO - Image saved to models\main_course_generator\temp\image_2.png successfully.
2024-09-28 16:42:58,661 - INFO - Generating image for prompt: '* **Description:** A simplified diagram illustrating the basic architecture of a CNN with a convolutional layer, a pooling layer, and a fully connected layer.
    * **Prompt:**  Create a basic diagram of a CNN architecture. Show an input image being processed by a convolutional layer with a single filter. Then, show the output feature map being downsampled by a pooling layer. Finally, connect the output of the pooling layer to a fully connected layer. 
*'...
2024-09-28 16:43:13,604 - INFO - Image saved to models\main_course_generator\temp\image_3.png successfully.
2024-09-28 16:43:13,604 - INFO - Generating image for prompt: '* **Description:** A flowchart illustrating the steps involved in training a CNN, including data preparation, forward pass, loss calculation, backpropagation, parameter update, and evaluation.
    * **Prompt:**  Create a flowchart depicting the training process of a CNN. Include the following steps: Data Collection & Preprocessing, Splitting into Train/Validation/Test Sets, Forward Pass, Loss Calculation, Backpropagation, Parameter Update, Evaluation on Validation Set, and Model Deployment.
*'...
2024-09-28 16:43:27,114 - INFO - Image saved to models\main_course_generator\temp\image_4.png successfully.
2024-09-28 16:43:27,114 - INFO - Generating image for prompt: '* **Description:** Simplified diagrams of the AlexNet, VGG-16, and ResNet architectures, highlighting their key layers and components.
    * **Prompt:** Generate simplified diagrams illustrating the architectures of AlexNet, VGG-16, and ResNet. Label the key layers (convolutional, pooling, fully connected) and indicate the use of ReLU activation, dropout, and skip connections where applicable. 
*'...
2024-09-28 16:43:40,142 - INFO - Image saved to models\main_course_generator\temp\image_5.png successfully.
2024-09-28 16:43:40,142 - INFO - Generating image for prompt: '* **Description:** An image with bounding boxes predicted by an object detection model (YOLO or SSD). The bounding boxes should highlight the detected objects and their corresponding class labels.
    * **Prompt:** Show an image of a busy street scene with multiple cars, pedestrians, and traffic lights. Overlay bounding boxes on the image to indicate the detected objects, with labels like "car," "person," and "traffic light."
*'...
2024-09-28 16:43:52,933 - INFO - Image saved to models\main_course_generator\temp\image_6.png successfully.
2024-09-28 16:43:52,933 - INFO - Generating image for prompt: '* **Description:**  An example of semantic segmentation where different regions of an image (e.g., road, sky, buildings, pedestrians) are highlighted with distinct colors representing their class labels.
    * **Prompt:**  Show an image of a street scene where the road is segmented in purple, buildings in gray, the sky in blue, trees in green, and pedestrians in red.
*'...
2024-09-28 16:44:05,683 - INFO - Image saved to models\main_course_generator\temp\image_7.png successfully.
2024-09-28 16:44:05,683 - INFO - Generating image for prompt: '* **Description:**  A diagram illustrating the architecture of a GAN, showing the Generator network taking random noise as input and generating data, while the Discriminator network receives both real and generated data and tries to classify them.
    * **Prompt:** Draw a diagram representing a Generative Adversarial Network (GAN). Show the Generator network taking a noise vector as input and outputting an image. Depict the Discriminator network taking both real images and generated images as input and outputting a probability score (real or fake).
*'...
2024-09-28 16:44:17,888 - INFO - Image saved to models\main_course_generator\temp\image_8.png successfully.
2024-09-28 16:44:17,888 - INFO - Assembling final markdown output...
2024-09-28 16:44:17,889 - INFO - Generated Image Attributes: ['__annotations__', '__class__', '__delattr__', '__dict__', '__dir__', '__doc__', '__eq__', '__format__', '__ge__', '__getattribute__', '__getstate__', '__gt__', '__hash__', '__init__', '__init_subclass__', '__le__', '__lt__', '__module__', '__ne__', '__new__', '__reduce__', '__reduce_ex__', '__repr__', '__setattr__', '__sizeof__', '__str__', '__subclasshook__', '__weakref__', '_as_base64_string', '_blob', '_gcs_uri', '_generation_parameters', '_image_bytes', '_loaded_bytes', '_loaded_image', '_mime_type', '_pil_image', '_size', 'generation_parameters', 'load_from_file', 'save', 'show']
2024-09-28 16:44:17,889 - INFO - Generated Image Attributes: ['__annotations__', '__class__', '__delattr__', '__dict__', '__dir__', '__doc__', '__eq__', '__format__', '__ge__', '__getattribute__', '__getstate__', '__gt__', '__hash__', '__init__', '__init_subclass__', '__le__', '__lt__', '__module__', '__ne__', '__new__', '__reduce__', '__reduce_ex__', '__repr__', '__setattr__', '__sizeof__', '__str__', '__subclasshook__', '__weakref__', '_as_base64_string', '_blob', '_gcs_uri', '_generation_parameters', '_image_bytes', '_loaded_bytes', '_loaded_image', '_mime_type', '_pil_image', '_size', 'generation_parameters', 'load_from_file', 'save', 'show']
2024-09-28 16:44:17,889 - INFO - Generated Image Attributes: ['__annotations__', '__class__', '__delattr__', '__dict__', '__dir__', '__doc__', '__eq__', '__format__', '__ge__', '__getattribute__', '__getstate__', '__gt__', '__hash__', '__init__', '__init_subclass__', '__le__', '__lt__', '__module__', '__ne__', '__new__', '__reduce__', '__reduce_ex__', '__repr__', '__setattr__', '__sizeof__', '__str__', '__subclasshook__', '__weakref__', '_as_base64_string', '_blob', '_gcs_uri', '_generation_parameters', '_image_bytes', '_loaded_bytes', '_loaded_image', '_mime_type', '_pil_image', '_size', 'generation_parameters', 'load_from_file', 'save', 'show']
2024-09-28 16:44:17,889 - INFO - Generated Image Attributes: ['__annotations__', '__class__', '__delattr__', '__dict__', '__dir__', '__doc__', '__eq__', '__format__', '__ge__', '__getattribute__', '__getstate__', '__gt__', '__hash__', '__init__', '__init_subclass__', '__le__', '__lt__', '__module__', '__ne__', '__new__', '__reduce__', '__reduce_ex__', '__repr__', '__setattr__', '__sizeof__', '__str__', '__subclasshook__', '__weakref__', '_as_base64_string', '_blob', '_gcs_uri', '_generation_parameters', '_image_bytes', '_loaded_bytes', '_loaded_image', '_mime_type', '_pil_image', '_size', 'generation_parameters', 'load_from_file', 'save', 'show']
2024-09-28 16:44:17,889 - INFO - Generated Image Attributes: ['__annotations__', '__class__', '__delattr__', '__dict__', '__dir__', '__doc__', '__eq__', '__format__', '__ge__', '__getattribute__', '__getstate__', '__gt__', '__hash__', '__init__', '__init_subclass__', '__le__', '__lt__', '__module__', '__ne__', '__new__', '__reduce__', '__reduce_ex__', '__repr__', '__setattr__', '__sizeof__', '__str__', '__subclasshook__', '__weakref__', '_as_base64_string', '_blob', '_gcs_uri', '_generation_parameters', '_image_bytes', '_loaded_bytes', '_loaded_image', '_mime_type', '_pil_image', '_size', 'generation_parameters', 'load_from_file', 'save', 'show']
2024-09-28 16:44:17,889 - INFO - Generated Image Attributes: ['__annotations__', '__class__', '__delattr__', '__dict__', '__dir__', '__doc__', '__eq__', '__format__', '__ge__', '__getattribute__', '__getstate__', '__gt__', '__hash__', '__init__', '__init_subclass__', '__le__', '__lt__', '__module__', '__ne__', '__new__', '__reduce__', '__reduce_ex__', '__repr__', '__setattr__', '__sizeof__', '__str__', '__subclasshook__', '__weakref__', '_as_base64_string', '_blob', '_gcs_uri', '_generation_parameters', '_image_bytes', '_loaded_bytes', '_loaded_image', '_mime_type', '_pil_image', '_size', 'generation_parameters', 'load_from_file', 'save', 'show']
2024-09-28 16:44:17,889 - INFO - Generated Image Attributes: ['__annotations__', '__class__', '__delattr__', '__dict__', '__dir__', '__doc__', '__eq__', '__format__', '__ge__', '__getattribute__', '__getstate__', '__gt__', '__hash__', '__init__', '__init_subclass__', '__le__', '__lt__', '__module__', '__ne__', '__new__', '__reduce__', '__reduce_ex__', '__repr__', '__setattr__', '__sizeof__', '__str__', '__subclasshook__', '__weakref__', '_as_base64_string', '_blob', '_gcs_uri', '_generation_parameters', '_image_bytes', '_loaded_bytes', '_loaded_image', '_mime_type', '_pil_image', '_size', 'generation_parameters', 'load_from_file', 'save', 'show']
2024-09-28 16:44:17,889 - INFO - Generated Image Attributes: ['__annotations__', '__class__', '__delattr__', '__dict__', '__dir__', '__doc__', '__eq__', '__format__', '__ge__', '__getattribute__', '__getstate__', '__gt__', '__hash__', '__init__', '__init_subclass__', '__le__', '__lt__', '__module__', '__ne__', '__new__', '__reduce__', '__reduce_ex__', '__repr__', '__setattr__', '__sizeof__', '__str__', '__subclasshook__', '__weakref__', '_as_base64_string', '_blob', '_gcs_uri', '_generation_parameters', '_image_bytes', '_loaded_bytes', '_loaded_image', '_mime_type', '_pil_image', '_size', 'generation_parameters', 'load_from_file', 'save', 'show']
2024-09-28 16:44:17,889 - INFO - Generated Image Attributes: ['__annotations__', '__class__', '__delattr__', '__dict__', '__dir__', '__doc__', '__eq__', '__format__', '__ge__', '__getattribute__', '__getstate__', '__gt__', '__hash__', '__init__', '__init_subclass__', '__le__', '__lt__', '__module__', '__ne__', '__new__', '__reduce__', '__reduce_ex__', '__repr__', '__setattr__', '__sizeof__', '__str__', '__subclasshook__', '__weakref__', '_as_base64_string', '_blob', '_gcs_uri', '_generation_parameters', '_image_bytes', '_loaded_bytes', '_loaded_image', '_mime_type', '_pil_image', '_size', 'generation_parameters', 'load_from_file', 'save', 'show']
2024-09-28 16:44:17,889 - INFO - Markdown output assembled successfully.
2024-09-28 16:44:17,889 - INFO - Converting markdown to HTML and JSON...
2024-09-28 16:44:17,934 - INFO - Conversion to JSON successful.
2024-09-28 16:44:17,934 - INFO - Saving final markdown output to models/main_course_generator/temp.md...
2024-09-28 16:44:17,934 - INFO - Markdown output saved successfully.
